  adding: composer.json (deflated 77%)
  adding: package.json (deflated 70%)
  adding: sh.exe.stackdump (deflated 21%)
  adding: release-notes.txt (deflated 71%)
  adding: config/ (stored 0%)
  adding: config/purifier.php (deflated 24%)
  adding: config/self-update.php (deflated 24%)
  adding: config/noncdn.php (deflated 24%)
  adding: config/scout.php (deflated 25%)
  adding: config/compile.php (deflated 26%)
  adding: config/bugsnag.php (deflated 24%)
  adding: config/queue.php (deflated 25%)
  adding: config/clockwork.php (deflated 24%)
  adding: config/extra.php (deflated 29%)
  adding: config/logging.php (deflated 24%)
  adding: config/cache.php (deflated 24%)
  adding: config/gravatar.php (deflated 30%)
  adding: config/cdn.php (deflated 24%)
  adding: config/breadcrumbs.php (deflated 29%)
  adding: config/onesignal.php (deflated 29%)
  adding: config/browser-detect.php (deflated 29%)
  adding: config/horizon.php (deflated 24%)
  adding: config/theme.php (deflated 28%)
  adding: config/activitylog.php (deflated 26%)
  adding: config/google2fa.php (deflated 26%)
  adding: config/comments.php (deflated 29%)
  adding: config/services.php (deflated 25%)
  adding: config/cors.php (deflated 28%)
  adding: config/constant.php (deflated 27%)
  adding: config/hashing.php (deflated 27%)
  adding: config/liebigCron.php (deflated 28%)
  adding: config/languages.php (deflated 24%)
  adding: config/broadcasting.php (deflated 25%)
  adding: config/database.php (deflated 24%)
  adding: config/chumper.datatable.php (deflated 27%)
  adding: config/image.php (deflated 30%)
  adding: config/testing/ (stored 0%)
  adding: config/testing/database.php (deflated 24%)
  adding: config/filemanager.php (deflated 30%)
  adding: config/datatables-buttons.php (deflated 27%)
  adding: config/auth.php (deflated 27%)
  adding: config/mail.php (deflated 25%)
  adding: config/pulse.php (deflated 24%)
  adding: config/snappy.php (deflated 26%)
  adding: config/sitemap.php (deflated 27%)
  adding: config/file-manager.php (deflated 25%)
  adding: config/global.php (deflated 25%)
  adding: config/helplink.php (deflated 26%)
  adding: config/saml2_settings.php (deflated 27%)
  adding: config/filesystems.php (deflated 24%)
  adding: config/jwt.php (deflated 25%)
  adding: config/datatables.php (deflated 26%)
  adding: config/authentication-log.php (deflated 28%)
  adding: config/querydetector.php (deflated 26%)
  adding: config/datatables-html.php (deflated 29%)
  adding: config/websockets.php (deflated 25%)
  adding: config/lfm.php (deflated 25%)
  adding: config/datatables-fractal.php (deflated 29%)
  adding: config/view.php (deflated 27%)
  adding: config/notifyfcm.php (deflated 27%)
  adding: config/excel.php (deflated 24%)
  adding: config/app.php (deflated 24%)
  adding: config/link.php (deflated 24%)
  adding: config/plupload.php (deflated 28%)
  adding: config/reverb.php (deflated 24%)
  adding: config/debugbar.php (deflated 25%)
  adding: config/geoip.php (deflated 25%)
  adding: config/session.php (deflated 25%)
  adding: storage/ (stored 0%)
  adding: storage/emoji/ (stored 0%)
  adding: storage/emoji/emoji.json (deflated 88%)
  adding: storage/logs/ (stored 0%)
  adding: storage/logs/.gitignore (stored 0%)
  adding: storage/faveoconfig.ini (deflated 18%)
  adding: storage/app/ (stored 0%)
  adding: storage/app/attachments/ (stored 0%)
  adding: storage/app/attachments/updater-skip (deflated 30%)
  adding: storage/app/attachments/include-files (deflated 10%)
  adding: storage/app/private.key (deflated 23%)
  adding: storage/app/public.key (deflated 19%)
  adding: storage/debugbar/ (stored 0%)
  adding: storage/debugbar/.gitignore (stored 0%)
  adding: storage/faveo-dependencies.json (deflated 48%)
  adding: storage/geoip.mmdb (deflated 49%)
  adding: storage/framework/ (stored 0%)
  adding: storage/framework/testing/ (stored 0%)
  adding: storage/framework/testing/disks/ (stored 0%)
  adding: storage/framework/testing/disks/system/ (stored 0%)
  adding: storage/framework/testing/disks/system/ticket_attachments/ (stored 0%)
  adding: storage/framework/testing/disks/system/ticket_attachments/2023/ (stored 0%)
  adding: storage/framework/testing/disks/system/ticket_attachments/2023/12/ (stored 0%)
  adding: storage/framework/testing/disks/system/ticket_attachments/2023/12/5/ (stored 0%)
  adding: storage/framework/testing/disks/system/ticket_attachments/2023/12/5/d07192bb-c290-4642-b81a-24862c0e6d41/ (stored 0%)
  adding: storage/framework/testing/disks/system/ticket_attachments/2023/12/5/d07192bb-c290-4642-b81a-24862c0e6d41/attach.png (deflated 91%)
  adding: storage/framework/testing/disks/system/service_desk/ (stored 0%)
  adding: storage/framework/testing/disks/system/service_desk/imports/ (stored 0%)
  adding: storage/framework/testing/disks/system/service_desk/imports/data.csv (stored 0%)
  adding: storage/framework/cache/ (stored 0%)
  adding: storage/framework/cache/.gitignore (stored 0%)
  adding: storage/framework/sessions/ (stored 0%)
  adding: storage/framework/sessions/jwDUe8khQOcz2cr4rSs7JaWEqdo6aYySfg7Wqjcq (deflated 20%)
  adding: storage/framework/sessions/g5KvX0tWDt2YvoVQwUBdXc8CfQ41IGhvYWJO6B6y (deflated 30%)
  adding: storage/framework/sessions/YKeR8MNKWIIb7n7Ik0byIlH1sN4WtqAfjRjMcEeD (deflated 19%)
  adding: storage/framework/sessions/EUt7gukv3MZ5Wn3H6d4TxlOVgsTeZogpm9Yf3xM6 (deflated 20%)
  adding: storage/framework/sessions/MV80PDR82At4bnpv1rIb6Jv8qkK7PK3XbbBDBN2j (deflated 20%)
  adding: storage/framework/sessions/mXxnVsfBKbABHVEJwmdPWomLOYLKAp9hDxYLhIav (deflated 21%)
  adding: storage/framework/sessions/HXBVRFl6tFYDvkxlHhhCyd4c7ndlWZevEuUdWuwV (deflated 21%)
  adding: storage/framework/sessions/Hp8yksuQgkRJj7CEThsCoThoK63fVoa13aPRpRpA (deflated 15%)
  adding: storage/framework/sessions/MFcqyL1hxlPdRTw6TtnF3vtTCwmmMvm3PzIUhAYc (deflated 19%)
  adding: storage/framework/sessions/HS04st4KjLCFsxr5dl77cgAh5wsNGH6BGd6doOQZ (deflated 30%)
  adding: storage/framework/sessions/.gitignore (stored 0%)
  adding: storage/framework/sessions/303hG7M7jfkpKwqaVEfvJaMGnqs5TpOxbVWmHx48 (deflated 21%)
  adding: storage/framework/sessions/iXZ4fFgzJMBNCqzbHlruKC0I43hV7MUUQIQ0R6JZ (deflated 20%)
  adding: storage/framework/views/ (stored 0%)
  adding: storage/framework/views/.gitignore (stored 0%)
  adding: storage/framework/.gitignore (deflated 34%)
  adding: composer-comments.md (deflated 71%)
  adding: .htaccess (deflated 46%)
  adding: LICENSE (deflated 64%)
  adding: package-lock.json (deflated 80%)
  adding: phpstan.neon (deflated 42%)
  adding: .gitattributes (deflated 73%)
  adding: database/ (stored 0%)
  adding: database/seeders/ (stored 0%)
  adding: database/seeders/v_4_7_0/ (stored 0%)
  adding: database/seeders/v_4_7_0/StatesList.php (deflated 24%)
  adding: database/seeders/v_4_7_0/RemoveJunkTicketTypeSeeder.php (deflated 24%)
  adding: database/seeders/v_4_7_0/RemoveJunkHelpTopicSeeder.php (deflated 24%)
  adding: database/seeders/v_4_7_0/RemoveJunkLocationSeeder.php (deflated 24%)
  adding: database/seeders/v_4_7_0/new-style-templates.json (deflated 91%)
  adding: database/seeders/v_4_7_0/DatabaseSeeder.php (deflated 25%)
  adding: database/seeders/v_4_7_0/RemoveJunkPrioritySeeder.php (deflated 24%)
  adding: database/seeders/v_9_0_0_rc_3/ (stored 0%)
  adding: database/seeders/v_9_0_0_rc_3/DatabaseSeeder.php (deflated 27%)
  adding: database/seeders/v_9_0_0_rc_3/NewFormSeeder.php (deflated 25%)
  adding: database/seeders/v_4_3_0/ (stored 0%)
  adding: database/seeders/v_4_3_0/DatabaseSeeder.php (deflated 24%)
  adding: database/seeders/v_3_4_0/ (stored 0%)
  adding: database/seeders/v_3_4_0/DatabaseSeeder.php (deflated 25%)
  adding: database/seeders/v_4_10_0/ (stored 0%)
  adding: database/seeders/v_4_10_0/DatabaseSeeder.php (deflated 25%)
  adding: database/seeders/v_2_0_0/ (stored 0%)
  adding: database/seeders/v_2_0_0/FormSeeder.php (deflated 24%)
  adding: database/seeders/v_2_0_0/BaseFormMigration.php (deflated 24%)
  adding: database/seeders/v_2_0_0/FormMigration.php (deflated 24%)
  adding: database/seeders/v_2_0_0/DatabaseSeeder.php (deflated 25%)
  adding: database/seeders/v_4_10_6/ (stored 0%)
  adding: database/seeders/v_4_10_6/DatabaseSeeder.php (deflated 26%)
  adding: database/seeders/v_9_0_1/ (stored 0%)
  adding: database/seeders/v_9_0_1/DatabaseSeeder.php (deflated 26%)
  adding: database/seeders/v_4_4_0/ (stored 0%)
  adding: database/seeders/v_4_4_0/DatabaseSeeder.php (deflated 24%)
  adding: database/seeders/v_4_10_3/ (stored 0%)
  adding: database/seeders/v_4_10_3/DatabaseSeeder.php (deflated 26%)
  adding: database/seeders/v_2_1_8/ (stored 0%)
  adding: database/seeders/v_2_1_8/ManagementReportSeeder.php (deflated 25%)
  adding: database/seeders/v_2_1_8/DatabaseSeeder.php (deflated 26%)
  adding: database/seeders/v_3_5_0/ (stored 0%)
  adding: database/seeders/v_3_5_0/DatabaseSeeder.php (deflated 26%)
  adding: database/seeders/v_5_0_0/ (stored 0%)
  adding: database/seeders/v_5_0_0/alerts.php (deflated 24%)
  adding: database/seeders/v_5_0_0/NotifySeeder.php (deflated 25%)
  adding: database/seeders/v_5_0_0/MigrateToNotify.php (deflated 25%)
  adding: database/seeders/v_5_0_0/DatabaseSeeder.php (deflated 26%)
  adding: database/seeders/v_7_1_5/ (stored 0%)
  adding: database/seeders/v_7_1_5/alerts.php (deflated 24%)
  adding: database/seeders/v_7_1_5/apiSettingSeeder.php (deflated 26%)
  adding: database/seeders/v_7_1_5/DatabaseSeeder.php (deflated 24%)
  adding: database/seeders/v_1_9_47/ (stored 0%)
  adding: database/seeders/v_1_9_47/UserSeeder.php (deflated 26%)
  adding: database/seeders/v_1_9_47/SystemSeeder.php (deflated 26%)
  adding: database/seeders/v_1_9_47/RatingSeeder.php (deflated 26%)
  adding: database/seeders/v_1_9_47/UserTypeSeeder.php (deflated 26%)
  adding: database/seeders/v_1_9_47/PortalSeeder.php (deflated 26%)
  adding: database/seeders/v_1_9_47/JobCondition.php (deflated 25%)
  adding: database/seeders/v_1_9_47/CommonSettingsSeeder.php (deflated 25%)
  adding: database/seeders/v_1_9_47/TicketSourceSeeder.php (deflated 26%)
  adding: database/seeders/v_1_9_47/QueueServiceSeeder.php (deflated 26%)
  adding: database/seeders/v_1_9_47/MailServiceSeeder.php (deflated 26%)
  adding: database/seeders/v_1_9_47/GroupSeeder.php (deflated 26%)
  adding: database/seeders/v_1_9_47/DatabaseSeeder.php (deflated 24%)
  adding: database/seeders/v_1_9_47/CountryCodeSeeder.php (deflated 25%)
  adding: database/seeders/v_1_9_47/TickettypeSeeder.php (deflated 26%)
  adding: database/seeders/v_1_9_47/SlaSeeder.php (deflated 25%)
  adding: database/seeders/v_1_9_47/TicketStatusSeeder.php (deflated 24%)
  adding: database/seeders/v_4_10_7/ (stored 0%)
  adding: database/seeders/v_4_10_7/DatabaseSeeder.php (deflated 24%)
  adding: database/seeders/v_9_2_2_RC_1/ (stored 0%)
  adding: database/seeders/v_9_2_2_RC_1/DatabaseSeeder.php (deflated 26%)
  adding: database/seeders/v_2_1_7/ (stored 0%)
  adding: database/seeders/v_2_1_7/DatabaseSeeder.php (deflated 26%)
  adding: database/seeders/v_7_1_6/ (stored 0%)
  adding: database/seeders/v_7_1_6/DatabaseSeeder.php (deflated 24%)
  adding: database/seeders/v_4_1_0/ (stored 0%)
  adding: database/seeders/v_4_1_0/DatabaseSeeder.php (deflated 25%)
  adding: database/seeders/v_3_3_0/ (stored 0%)
  adding: database/seeders/v_3_3_0/DatabaseSeeder.php (deflated 26%)
  adding: database/seeders/v_9_4_0_1/ (stored 0%)
  adding: database/seeders/v_9_4_0_1/DatabaseSeeder.php (deflated 26%)
  adding: database/seeders/v_9_3_0_RC_1/ (stored 0%)
  adding: database/seeders/v_9_3_0_RC_1/WebhookSeeder.php (deflated 25%)
  adding: database/seeders/v_9_3_0_RC_1/UpdateTicketFilterMetaValue.php (deflated 26%)
  adding: database/seeders/v_9_3_0_RC_1/cc_alerts.php (deflated 24%)
  adding: database/seeders/v_9_3_0_RC_1/DatabaseSeeder.php (deflated 24%)
  adding: database/seeders/v_7_1_0/ (stored 0%)
  adding: database/seeders/v_7_1_0/MergeTicketNotifySeeder.php (deflated 26%)
  adding: database/seeders/v_7_1_0/alerts.php (deflated 25%)
  adding: database/seeders/v_7_1_0/ArticlePermission.php (deflated 27%)
  adding: database/seeders/v_7_1_0/DatabaseSeeder.php (deflated 25%)
  adding: database/seeders/v_7_1_0/merge_alerts.php (deflated 24%)
  adding: database/seeders/v_2_2_3/ (stored 0%)
  adding: database/seeders/v_2_2_3/ReportSeeder.php (deflated 25%)
  adding: database/seeders/v_2_2_3/DatabaseSeeder.php (deflated 25%)
  adding: database/seeders/v_1_9_50/ (stored 0%)
  adding: database/seeders/v_1_9_50/DatabaseSeeder.php (deflated 27%)
  adding: database/seeders/v_2_0_1/ (stored 0%)
  adding: database/seeders/v_2_0_1/DatabaseSeeder.php (deflated 25%)
  adding: database/seeders/v_4_0_0/ (stored 0%)
  adding: database/seeders/v_4_0_0/DatabaseSeeder.php (deflated 24%)
  adding: database/seeders/v_8_0_0/ (stored 0%)
  adding: database/seeders/v_8_0_0/AgentReplyMention.php (deflated 24%)
  adding: database/seeders/v_8_0_0/DatabaseSeeder.php (deflated 26%)
  adding: database/seeders/v_3_0_0/ (stored 0%)
  adding: database/seeders/v_3_0_0/DatabaseSeeder.php (deflated 24%)
  adding: database/seeders/v_8_0_1/ (stored 0%)
  adding: database/seeders/v_8_0_1/DatabaseSeeder.php (deflated 26%)
  adding: database/seeders/v_9_0_3/ (stored 0%)
  adding: database/seeders/v_9_0_3/DatabaseSeeder.php (deflated 26%)
  adding: database/seeders/v_7_1_3/ (stored 0%)
  adding: database/seeders/v_7_1_3/UserExportNotify.php (deflated 26%)
  adding: database/seeders/v_7_1_3/workflowApproverCronSeeder.php (deflated 26%)
  adding: database/seeders/v_7_1_3/DatabaseSeeder.php (deflated 24%)
  adding: database/seeders/v_8_1_2/ (stored 0%)
  adding: database/seeders/v_8_1_2/DatabaseSeeder.php (deflated 26%)
  adding: database/seeders/v_4_5_0/ (stored 0%)
  adding: database/seeders/v_4_5_0/DatabaseSeeder.php (deflated 24%)
  adding: database/seeders/v_9_0_1_RC_1/ (stored 0%)
  adding: database/seeders/v_9_0_1_RC_1/DatabaseSeeder.php (deflated 25%)
  adding: database/seeders/v_9_3_1_RC_1/ (stored 0%)
  adding: database/seeders/v_9_3_1_RC_1/DatabaseSeeder.php (deflated 25%)
  adding: database/seeders/v_4_6_1/ (stored 0%)
  adding: database/seeders/v_4_6_1/DatabaseSeeder.php (deflated 27%)
  adding: database/seeders/v_6_0_1/ (stored 0%)
  adding: database/seeders/v_6_0_1/ticket_cc_alerts.php (deflated 24%)
  adding: database/seeders/v_6_0_1/DatabaseSeeder.php (deflated 25%)
  adding: database/seeders/v_4_6_0/ (stored 0%)
  adding: database/seeders/v_4_6_0/RemoveJunkDepartmentSeeder.php (deflated 24%)
  adding: database/seeders/v_4_6_0/RemoveJunkSourceSeeder.php (deflated 25%)
  adding: database/seeders/v_4_6_0/DatabaseSeeder.php (deflated 25%)
  adding: database/seeders/v_3_2_0/ (stored 0%)
  adding: database/seeders/v_3_2_0/DatabaseSeeder.php (deflated 24%)
  adding: database/seeders/v_6_0_3/ (stored 0%)
  adding: database/seeders/v_6_0_3/DatabaseSeeder.php (deflated 25%)
  adding: database/seeders/v_6_0_3/fork_fix_alert.php (deflated 24%)
  adding: database/seeders/v_7_1_1/ (stored 0%)
  adding: database/seeders/v_7_1_1/ModuleAddedForNetworkDiscovery.php (deflated 27%)
  adding: database/seeders/v_7_1_1/DatabaseSeeder.php (deflated 25%)
  adding: database/seeders/v_9_1_0/ (stored 0%)
  adding: database/seeders/v_9_1_0/DatabaseSeeder.php (deflated 25%)
  adding: database/seeders/v_7_0_3/ (stored 0%)
  adding: database/seeders/v_7_0_3/newLogCategoryAddedForSaml.php (deflated 26%)
  adding: database/seeders/v_7_0_3/DatabaseSeeder.php (deflated 26%)
  adding: database/seeders/v_4_9_0/ (stored 0%)
  adding: database/seeders/v_4_9_0/RemoveJunkTeamSeeder.php (deflated 25%)
  adding: database/seeders/v_4_9_0/DatabaseSeeder.php (deflated 25%)
  adding: database/seeders/v_8_2_0_rc_1/ (stored 0%)
  adding: database/seeders/v_8_2_0_rc_1/LogDecapitation.php (deflated 24%)
  adding: database/seeders/v_8_2_0_rc_1/LogoSeeder.php (deflated 25%)
  adding: database/seeders/v_8_2_0_rc_1/DatabaseSeeder.php (deflated 24%)
  adding: database/seeders/v_2_2_7/ (stored 0%)
  adding: database/seeders/v_2_2_7/DatabaseSeeder.php (deflated 26%)
  adding: database/seeders/v_6_0_2/ (stored 0%)
  adding: database/seeders/v_6_0_2/LabelsSeeder.php (deflated 25%)
  adding: database/seeders/v_6_0_2/ForkTicketNotifySeeder.php (deflated 26%)
  adding: database/seeders/v_6_0_2/alerts.php (deflated 24%)
  adding: database/seeders/v_6_0_2/mentions.php (deflated 24%)
  adding: database/seeders/v_6_0_2/fork_alerts.php (deflated 24%)
  adding: database/seeders/v_6_0_2/DatabaseSeeder.php (deflated 24%)
  adding: database/seeders/v_2_0_2/ (stored 0%)
  adding: database/seeders/v_2_0_2/DatabaseSeeder.php (deflated 26%)
  adding: database/seeders/v_2_1_0/ (stored 0%)
  adding: database/seeders/v_2_1_0/DatabaseSeeder.php (deflated 26%)
  adding: database/seeders/v_2_1_0/FilterMigrationSeeder.php (deflated 25%)
  adding: database/seeders/v_4_10_4/ (stored 0%)
  adding: database/seeders/v_4_10_4/DatabaseSeeder.php (deflated 25%)
  adding: database/seeders/v_9_4_0_RC_1/ (stored 0%)
  adding: database/seeders/v_9_4_0_RC_1/DatabaseSeeder.php (deflated 25%)
  adding: database/seeders/v_3_1_0/ (stored 0%)
  adding: database/seeders/v_3_1_0/ReportSeeder.php (deflated 24%)
  adding: database/seeders/v_3_1_0/DatabaseSeeder.php (deflated 25%)
  adding: database/seeders/DatabaseSeeder.php (deflated 25%)
  adding: database/seeders/v_4_8_0/ (stored 0%)
  adding: database/seeders/v_4_8_0/RemoveJunkTicketStatusSeeder.php (deflated 24%)
  adding: database/seeders/v_4_8_0/DatabaseSeeder.php (deflated 25%)
  adding: database/seeders/v_2_3_0/ (stored 0%)
  adding: database/seeders/v_2_3_0/DatabaseSeeder.php (deflated 25%)
  adding: database/seeders/v_4_10_1/ (stored 0%)
  adding: database/seeders/v_4_10_1/Charles_db_update_steps.txt (deflated 72%)
  adding: database/seeders/v_4_10_1/DatabaseSeeder.php (deflated 25%)
  adding: database/seeders/v_2_1_2/ (stored 0%)
  adding: database/seeders/v_2_1_2/DatabaseSeeder.php (deflated 24%)
  adding: database/seeders/v_8_2_1/ (stored 0%)
  adding: database/seeders/v_8_2_1/DashboardWidgetsSeeder.php (deflated 25%)
  adding: database/seeders/v_8_2_1/UserFilterSeeder.php (deflated 25%)
  adding: database/seeders/v_8_2_1/DatabaseSeeder.php (deflated 25%)
  adding: database/seeders/v_9_0_2/ (stored 0%)
  adding: database/seeders/v_9_0_2/DatabaseSeeder.php (deflated 27%)
  adding: database/seeders/v_8_2_2/ (stored 0%)
  adding: database/seeders/v_8_2_2/DashboardWidgetsSeeder.php (deflated 25%)
  adding: database/seeders/v_8_2_2/UserFilterSeeder.php (deflated 25%)
  adding: database/seeders/v_8_2_2/DatabaseSeeder.php (deflated 25%)
  adding: database/seeders/v_9_2_0_RC_1/ (stored 0%)
  adding: database/seeders/v_9_2_0_RC_1/NotifyEncrypterSeeder.php (deflated 25%)
  adding: database/seeders/v_9_2_0_RC_1/DatabaseSeeder.php (deflated 25%)
  adding: database/seeders/v_1_9_48/ (stored 0%)
  adding: database/seeders/v_1_9_48/DatabaseSeeder.php (deflated 26%)
  adding: database/seeders/v_9_4_0_2_RC_1/ (stored 0%)
  adding: database/seeders/v_9_4_0_2_RC_1/DatabaseSeeder.php (deflated 24%)
  adding: database/seeders/v_8_1_0_rc_1/ (stored 0%)
  adding: database/seeders/v_8_1_0_rc_1/LabelSeeder.php (deflated 26%)
  adding: database/seeders/v_8_1_0_rc_1/DatabaseSeeder.php (deflated 25%)
  adding: database/seeders/v_1_9_51/ (stored 0%)
  adding: database/seeders/v_1_9_51/DatabaseSeeder.php (deflated 26%)
  adding: database/seeders/v_2_2_2/ (stored 0%)
  adding: database/seeders/v_2_2_2/DatabaseSeeder.php (deflated 25%)
  adding: database/seeders/v_2_2_1/ (stored 0%)
  adding: database/seeders/v_2_2_1/DatabaseSeeder.php (deflated 25%)
  adding: database/migrations/ (stored 0%)
  adding: database/migrations/2018_05_01_051004_add_org_dept_manager_to_organization_dept.php (deflated 26%)
  adding: database/migrations/2021_11_10_044003_rename_priority_id_in_ticket_priority_table.php (deflated 26%)
  adding: database/migrations/2016_06_28_141613_version1079table.php (deflated 25%)
  adding: database/migrations/2023_11_28_113208_add_columns_to_conditions_table.php (deflated 26%)
  adding: database/migrations/2021_09_14_083251_add_column_type_in_ticket_filters_table.php (deflated 26%)
  adding: database/migrations/2017_04_03_090919_create_no_assign_escalates_table.php (deflated 26%)
  adding: database/migrations/2021_08_31_101520_add_admin_sidebar_color_and_agent_sidebar_color_in_system_portal_table.php (deflated 26%)
  adding: database/migrations/2019_08_26_052209_alter_tickets_table_add_response_due_by_column.php (deflated 26%)
  adding: database/migrations/2016_02_16_140454_add_foreign_keys_to_kb_comment_table.php (deflated 26%)
  adding: database/migrations/2019_10_11_055402_create_kb_article_tag_table.php (deflated 26%)
  adding: database/migrations/2023_10_09_123750_add_index_to_ticket_thread_table.php (deflated 26%)
  adding: database/migrations/2016_02_16_140450_create_widgets_table.php (deflated 26%)
  adding: database/migrations/2021_03_31_115534_add_column_under_deletion_in_ticket_source_table.php (deflated 26%)
  adding: database/migrations/2023_09_27_071100_alter_column_to_system_portal_table.php (deflated 26%)
  adding: database/migrations/2016_02_16_140450_create_users_table.php (deflated 25%)
  adding: database/migrations/2017_07_04_200732_AlterUserTableForAccountVerification.php (deflated 26%)
  adding: database/migrations/2017_10_03_063738_add_serial_key_and_order_number_in_system_setting.php (deflated 26%)
  adding: database/migrations/2017_12_29_092541_add_is_default_to_sla_plan.php (deflated 26%)
  adding: database/migrations/2025_02_19_193051_add_index_to_email_threads_table.php (deflated 26%)
  adding: database/migrations/2018_10_19_132628_add_status_columns_to_approval_workflows_table.php (deflated 26%)
  adding: database/migrations/2017_04_30_192424_create_update_groups.php (deflated 26%)
  adding: database/migrations/2024_06_17_051108_add_columns_to_form_categories_table.php (deflated 26%)
  adding: database/migrations/2024_06_05_092914_add_indexes_to_mail_logs_table.php (deflated 26%)
  adding: database/migrations/2016_02_16_140450_create_settings_ratings_table.php (deflated 26%)
  adding: database/migrations/2024_06_30_044900_create_webhook_configs_table.php (deflated 26%)
  adding: database/migrations/2018_04_27_041305_add_datetime_to_kb_settings.php (deflated 26%)
  adding: database/migrations/2019_05_22_100319_add_value_meta_in_ticket_filter_meta_table.php (deflated 25%)
  adding: database/migrations/2016_02_16_140450_create_settings_auto_response_table.php (deflated 26%)
  adding: database/migrations/2023_02_22_155014_alter_saml_login_table_to_add_logout_time_coloumn.php (deflated 26%)
  adding: database/migrations/2018_09_25_055020_add_category_to_ticket_rules_table.php (deflated 26%)
  adding: database/migrations/2016_02_16_140450_create_banlist_table.php (deflated 26%)
  adding: database/migrations/2018_10_24_025346_add_status_columns_to_approval_workflow_tickets_table.php (deflated 26%)
  adding: database/migrations/2017_02_11_074259_create_sla_approach_escalatetable.php (deflated 26%)
  adding: database/migrations/2016_09_07_125906_business_hours_table.php (deflated 26%)
  adding: database/migrations/2019_10_30_113947_create_backup_paths_table.php (deflated 26%)
  adding: database/migrations/2023_07_18_113446_change_type_and_length_in_department_table.php (deflated 26%)
  adding: database/migrations/2018_05_28_114843_add_en_auto_assign_column_in_department_table.php (deflated 26%)
  adding: database/migrations/2018_05_01_170751_add_service_columns_to_emails.php (deflated 25%)
  adding: database/migrations/2023_09_28_052247_alter_columns_to_ticket_activity_logs_table.php (deflated 26%)
  adding: database/migrations/2018_02_16_060521_add_match_rule_column_in_workflow_table.php (deflated 26%)
  adding: database/migrations/2016_07_02_051247_create_jobs_table.php (deflated 25%)
  adding: database/migrations/2018_04_28_130734_alter_custom_rule_column_make_nullable_in_worflow_action.php (deflated 26%)
  adding: database/migrations/2021_03_09_100500_alter_type_outgoing_email_and_business_hour_and_add_under_deletion_columns_in_department_table.php (deflated 25%)
  adding: database/migrations/2018_04_24_110724_add_profile_pic_to_kb_comment.php (deflated 26%)
  adding: database/migrations/2016_04_18_115908_create_workflow_action_table.php (deflated 25%)
  adding: database/migrations/2018_10_16_084837_add_new_columns_to_conditions_table.php (deflated 25%)
  adding: database/migrations/2019_03_14_064450_alter_added_comment_column_to_ticket_status_table.php (deflated 26%)
  adding: database/migrations/2019_12_12_055103_add_resolution_due_by_column_to_tickets_table.php (deflated 26%)
  adding: database/migrations/2024_02_14_111003_alter_settings_ticket_to_add_redaction_columns.php (deflated 26%)
  adding: database/migrations/2020_01_09_060829_add_parent_columns_to_ticket_filters_table.php (deflated 26%)
  adding: database/migrations/2020_09_03_061519_alter_users_table_drop_token_columns.php (deflated 26%)
  adding: database/migrations/2024_02_20_085437_alter_password_reset_table_to_add_attempts_related_columns.php (deflated 25%)
  adding: database/migrations/2024_12_23_113412_create_workspace_integration_table.php (deflated 25%)
  adding: database/migrations/2018_10_25_113734_alter_tickets_table_add_column_last_estd_duedate.php (deflated 26%)
  adding: database/migrations/2021_04_08_100103_alter_visible_to_column_in_labels_table.php (deflated 26%)
  adding: database/migrations/2023_08_02_101134_ticket_mentions.php (deflated 26%)
  adding: database/migrations/2020_05_07_095946_create_websockets_statistics_entries_table.php (deflated 26%)
  adding: database/migrations/2020_10_12_080822_alter_team_lead_column_to_team_lead_id_in_teams_table.php (deflated 26%)
  adding: database/migrations/2018_07_01_131928_create_sla_custom_enforcements_fields.php (deflated 25%)
  adding: database/migrations/2022_05_16_111850_create_ticket_department_time_trackings_table.php (deflated 25%)
  adding: database/migrations/2024_10_23_055911_change_payload_datatype_to_longblob_in_jobs_table.php (deflated 26%)
  adding: database/migrations/2016_05_10_102423_create_country_code_table.php (deflated 26%)
  adding: database/migrations/2017_08_17_115427_add_apply_sla_helptopic_to_sla_plan.php (deflated 26%)
  adding: database/migrations/2016_02_16_140450_create_timezone_table.php (deflated 26%)
  adding: database/migrations/2018_09_20_072143_create_approval_levels_table.php (deflated 25%)
  adding: database/migrations/2016_02_16_140450_create_ticket_form_data_table.php (deflated 26%)
  adding: database/migrations/2016_02_16_140450_create_organization_table.php (deflated 26%)
  adding: database/migrations/2016_05_11_105244_create_api_settings_table.php (deflated 26%)
  adding: database/migrations/2021_03_10_062535_add_column_stateid_cityid_pincode_country_id_in_location_table.php (deflated 25%)
  adding: database/migrations/2016_02_16_140454_add_foreign_keys_to_kb_article_relationship_table.php (deflated 25%)
  adding: database/migrations/2023_10_17_103955_alter_ratings_table_to_add_columns_for_feedback_reminder.php (deflated 26%)
  adding: database/migrations/2016_02_16_140450_create_kb_comment_table.php (deflated 26%)
  adding: database/migrations/2024_12_27_080258_create_routes_table.php (deflated 26%)
  adding: database/migrations/2016_02_16_140450_create_date_time_format_table.php (deflated 26%)
  adding: database/migrations/2018_01_26_055048_alter_labels_table.php (deflated 26%)
  adding: database/migrations/2018_09_20_073404_create_approval_level_approvers_table.php (deflated 25%)
  adding: database/migrations/2023_09_04_075039_create_popup_users_table.php (deflated 25%)
  adding: database/migrations/2016_07_02_051439_create_failed_jobs_table.php (deflated 26%)
  adding: database/migrations/2023_09_04_065522_create_popup_table.php (deflated 26%)
  adding: database/migrations/2023_09_27_071027_alter_column_to_settings_company_table.php (deflated 26%)
  adding: database/migrations/2024_07_04_071120_add_columns_to_settings_system_table.php (deflated 26%)
  adding: database/migrations/2022_02_23_074739_add_default_value_to_role_in_user_assign_organization_table.php (deflated 26%)
  adding: database/migrations/2016_02_16_140450_create_time_format_table.php (deflated 26%)
  adding: database/migrations/2016_02_16_140450_create_template_table.php (deflated 26%)
  adding: database/migrations/2017_09_12_104144_add_descriptin_to_ticket_source.php (deflated 26%)
  adding: database/migrations/2020_06_18_092739_add_import_identifier_to_users_table.php (deflated 25%)
  adding: database/migrations/2022_06_15_092650_add_column_ticket_template_id_to_recure_contents_table.php (deflated 26%)
  adding: database/migrations/2022_03_14_104439_add_phone_country_code_and_phone_iso_columns_in_users_table.php (deflated 26%)
  adding: database/migrations/2022_09_15_075605_create_user_assign_labels_table.php (deflated 26%)
  adding: database/migrations/2022_10_13_000000_add_uuid_to_failed_jobs_table.php (deflated 25%)
  adding: database/migrations/2024_04_15_123244_create_job_batches_table.php (deflated 26%)
  adding: database/migrations/2024_05_28_071348_add_status_changed_assigned_at_to_tickets_table.php (deflated 26%)
  adding: database/migrations/2020_10_28_095422_add_iso_column_in_users_table.php (deflated 26%)
  adding: database/migrations/2018_06_08_070241_add_example_to_country_code.php (deflated 26%)
  adding: database/migrations/2024_06_17_051116_add_columns_to_form_groups_table.php (deflated 26%)
  adding: database/migrations/2018_11_26_062439_create_attachments_table.php (deflated 26%)
  adding: database/migrations/2017_12_09_111905_alter_listener_rules.php (deflated 26%)
  adding: database/migrations/2016_03_31_061534_create_notification_types_table.php (deflated 26%)
  adding: database/migrations/2017_08_12_063307_create_location_table.php (deflated 26%)
  adding: database/migrations/2024_08_01_083631_add_client_button_font_color_column_to_system_portal.php (deflated 26%)
  adding: database/migrations/2024_06_14_102248_alter_ticket_pdf_template_table_to_add_logs_column.php (deflated 26%)
  adding: database/migrations/2020_04_30_000523_add_icon_columns_to_ticket_filters_table.php (deflated 26%)
  adding: database/migrations/2018_09_03_113219_create_ticket_filter_metas_table.php (deflated 25%)
  adding: database/migrations/2018_01_15_121625_create_subscribed_users_table.php (deflated 26%)
  adding: database/migrations/2016_02_16_140450_create_user_assign_organization_table.php (deflated 26%)
  adding: database/migrations/2023_11_20_063121_alter_tickets_table_to_add_full_text_index.php (deflated 26%)
  adding: database/migrations/2017_06_16_113453_permision_update.php (deflated 26%)
  adding: database/migrations/2017_12_06_074424_add_in_app_to_sla_target.php (deflated 26%)
  adding: database/migrations/2018_12_07_044150_add_refrence_to_ticket_status_in_workflow_close_table.php (deflated 25%)
  adding: database/migrations/2023_04_25_071314_create_third_party_applications_table.php (deflated 25%)
  adding: database/migrations/2020_07_13_125916_add_ticket_number_prefix_column_to_settings_ticket_table.php (deflated 26%)
  adding: database/migrations/2016_09_05_140010_create_status_type_table.php (deflated 26%)
  adding: database/migrations/2016_12_13_073613_create_department_assign_agents_table.php (deflated 26%)
  adding: database/migrations/2016_06_01_000004_create_oauth_clients_table.php (deflated 25%)
  adding: database/migrations/2022_06_28_065416_delete_subscribed_users_table.php (deflated 26%)
  adding: database/migrations/2024_09_30_045139_query_optimizaion_indexing.php (deflated 25%)
  adding: database/migrations/2019_10_03_064517_create_backups_table.php (deflated 26%)
  adding: database/migrations/2017_06_15_115324_create_email_threads_table.php (deflated 26%)
  adding: database/migrations/2021_10_19_044108_create_versions_table.php (deflated 25%)
  adding: database/migrations/2019_12_05_070913_create_ticket_sla_approach_escalate_table.php (deflated 26%)
  adding: database/migrations/2022_07_23_070907_alter_workflow_close_table_remove_send_mail_column.php (deflated 26%)
  adding: database/migrations/2016_09_07_131000_business_holiday_table.php (deflated 25%)
  adding: database/migrations/2022_06_27_030947_add_category_type_column_to_ticket_listeners_table.php (deflated 26%)
  adding: database/migrations/2016_06_02_094420_create_template_types_table.php (deflated 26%)
  adding: database/migrations/2021_05_26_114047_add_delete_login_logs_older_than_to_settings_security.php (deflated 26%)
  adding: database/migrations/2017_09_29_075059_add_sco_to_kb_article.php (deflated 26%)
  adding: database/migrations/2016_05_19_055008_create_workflow_close_table.php (deflated 26%)
  adding: database/migrations/2021_07_20_094342_create_notification_channels_table.php (deflated 25%)
  adding: database/migrations/2019_12_08_235206_create_ticket_slas_table.php (deflated 25%)
  adding: database/migrations/2018_04_17_185700_alter_user_assign_organization_table.php (deflated 26%)
  adding: database/migrations/2016_09_05_140016_alter_status_table.php (deflated 25%)
  adding: database/migrations/2018_10_09_021548_create_approver_statuses_table.php (deflated 25%)
  adding: database/migrations/2017_11_11_081751_create_listener_rules_table.php (deflated 26%)
  adding: database/migrations/2016_02_16_140450_create_languages_table.php (deflated 26%)
  adding: database/migrations/2019_11_21_050957_add_is_manual_duedate_column_to_tickets_table.php (deflated 26%)
  adding: database/migrations/2018_08_28_054723_create_ticket_rules_table.php (deflated 26%)
  adding: database/migrations/2024_02_06_104232_create_fetched_mails_table.php (deflated 26%)
  adding: database/migrations/2020_02_03_073331_rename_activity_logs_table_to_ticket_activity_logs_table.php (deflated 26%)
  adding: database/migrations/2023_08_04_081004_add_channel_id_to_ticket_mentions.php (deflated 26%)
  adding: database/migrations/2018_09_25_060515_create_ticket_events_table.php (deflated 26%)
  adding: database/migrations/2024_06_30_183720_add_column_is_migrated_to_users_table.php (deflated 26%)
  adding: database/migrations/2021_03_31_084656_add_column_under_deletion_in_ticket_status_table.php (deflated 26%)
  adding: database/migrations/2023_11_28_055521_create_import_progress_table.php (deflated 25%)
  adding: database/migrations/2020_08_19_053352_alter_labels_table_status_column_type_to_boolean.php (deflated 26%)
  adding: database/migrations/2024_06_18_060751_add_columns_to_form_fields_table.php (deflated 26%)
  adding: database/migrations/2019_11_30_034329_add_average_response_time_column_to_tickets_table.php (deflated 26%)
  adding: database/migrations/2024_11_08_160720_alter_authentication_logs_table_to_add_active_column.php (deflated 26%)
  adding: database/migrations/2024_12_09_080729_create_user_conversation_sort_preferences_table.php (deflated 26%)
  adding: database/migrations/2024_10_10_053542_add_column_to_labels_table.php (deflated 26%)
  adding: database/migrations/2018_09_25_050116_add_internal_notes_to_ticket_listeners_table.php (deflated 26%)
  adding: database/migrations/2024_12_27_083946_create_workspace_routes_table.php (deflated 26%)
  adding: database/migrations/2017_10_31_073326_add_is_default_to_location.php (deflated 26%)
  adding: database/migrations/2018_04_28_130536_alter_custom_rule_column_make_nullable_in_workflow_rules.php (deflated 26%)
  adding: database/migrations/2023_01_09_104010_create_health_checks_table.php (deflated 26%)
  adding: database/migrations/2016_02_16_140450_create_version_check_table.php (deflated 26%)
  adding: database/migrations/2017_09_14_064053_add_location_to_ticket_source.php (deflated 26%)
  adding: database/migrations/2018_10_09_110747_create_user_types_table.php (deflated 26%)
  adding: database/migrations/2016_02_16_140454_add_foreign_keys_to_user_assign_organization_table.php (deflated 25%)
  adding: database/migrations/2024_03_27_105543_create_triggers_table.php (deflated 26%)
  adding: database/migrations/2019_03_22_053546_add_creator_id_to_tickets_table.php (deflated 26%)
  adding: database/migrations/2023_05_23_095220_create_global_search_filters_table.php (deflated 26%)
  adding: database/migrations/2017_03_06_074629_notification_update.php (deflated 26%)
  adding: database/migrations/2017_09_07_110839_add_nodes_to_departments_table.php (deflated 26%)
  adding: database/migrations/2020_09_08_122217_alter_user_table_add_delete_account_requested_and_processing_account_disabling_column.php (deflated 26%)
  adding: database/migrations/2021_01_12_061333_add_js_format_and_is_active_columns_in_date_format_table.php (deflated 26%)
  adding: database/migrations/2020_02_28_065418_alter_ticket_source_table_to_add_default_column.php (deflated 26%)
  adding: database/migrations/2021_07_13_183412_drop_unused_template_table.php (deflated 26%)
  adding: database/migrations/2023_06_16_135807_create_export_downloads_table.php (deflated 26%)
  adding: database/migrations/2024_06_30_042917_create_webhook_events_table.php (deflated 26%)
  adding: database/migrations/2020_02_15_163835_alter_ticket_thread_table.php (deflated 26%)
  adding: database/migrations/2021_01_21_064230_alter_tickets_table_to_add_parent_ticket_id_column.php (deflated 26%)
  adding: database/migrations/2017_09_14_131434_add_template_to_kb_article.php (deflated 26%)
  adding: database/migrations/2024_03_12_034611_create_user_columns_table.php (deflated 26%)
  adding: database/migrations/2020_05_11_053415_alter_user_table_correct_various_columns_datatype.php (deflated 25%)
  adding: database/migrations/2023_09_05_075727_create_execution_timestamp_table.php (deflated 26%)
  adding: database/migrations/2017_12_14_093106_add_custom_action.php (deflated 26%)
  adding: database/migrations/2023_01_24_103409_create_saml_login_table.php (deflated 26%)
  adding: database/migrations/2020_03_02_073028_add_last_login_at_column_in_users_table.php (deflated 26%)
  adding: database/migrations/2022_08_28_103746_alter_users_table_for_adding_deactivation_columns.php (deflated 26%)
  adding: database/migrations/2020_11_26_162237_alter_ticket_activity_logs_table_value_column.php (deflated 26%)
  adding: database/migrations/2023_12_14_114845_add_columns_to_settings_ticket_table.php (deflated 26%)
  adding: database/migrations/2016_10_07_173423_create_ticket_type_table.php (deflated 26%)
  adding: database/migrations/2018_07_30_014930_add_new_inbox_settings_to_settings_ticket.php (deflated 25%)
  adding: database/migrations/2018_08_28_054756_create_ticket_workflows_table.php (deflated 26%)
  adding: database/migrations/2017_08_26_090230_create_organization_dept_table.php (deflated 26%)
  adding: database/migrations/2024_01_11_112520_alter_attachments_to_add_redaction_columns.php (deflated 26%)
  adding: database/migrations/2017_08_07_130239_update_department.php (deflated 26%)
  adding: database/migrations/2024_10_25_071616_alter_column_location_id_for_tickets_table.php (deflated 26%)
  adding: database/migrations/2022_09_05_053312_create_oauth_integrations_table.php (deflated 25%)
  adding: database/migrations/2023_10_18_065759_create_ticket_reminders_table.php (deflated 26%)
  adding: database/migrations/2021_09_13_081925_create_rating_feedback_requests_table.php (deflated 26%)
  adding: database/migrations/2019_07_18_120113_remove_gender_column_from_users_table.php (deflated 26%)
  adding: database/migrations/2017_08_23_072141_add_apply_sla_orgdepts_to_sla_plan.php (deflated 26%)
  adding: database/migrations/2017_02_11_072240_create_sla_violated_escalatetable.php (deflated 26%)
  adding: database/migrations/2021_07_23_120833_add_column_under_deletion_and_change_internal_notes_type_in_help_topic_table.php (deflated 26%)
  adding: database/migrations/2016_02_16_140450_create_mailbox_protocol_table.php (deflated 26%)
  adding: database/migrations/2023_05_08_075907_create_sessions_table.php (deflated 26%)
  adding: database/migrations/2022_06_20_082223_add_rating_auto_request_field_to_ticket_status_table.php (deflated 26%)
  adding: database/migrations/2016_07_26_094753_create_mail_services_table.php (deflated 26%)
  adding: database/migrations/2019_12_05_070935_create_ticket_sla_violated_escalate_table.php (deflated 26%)
  adding: database/migrations/2020_10_19_111658_alter_ticket_events_table.php (deflated 26%)
  adding: database/migrations/2023_01_27_030404_create_activity_log_table.php (deflated 26%)
  adding: database/migrations/2024_09_04_075350_create_login_attempt_handler_table.php (deflated 26%)
  adding: database/migrations/2018_01_02_093934_create_department_assign_manager_table.php (deflated 26%)
  adding: database/migrations/2019_12_19_073025_alter_ticket_thread_table_response_time_column.php (deflated 26%)
  adding: database/migrations/2016_02_16_140450_create_ticket_attachment_table.php (deflated 26%)
  adding: database/migrations/2024_08_08_063620_add_columns_is_migrated_to_tickets_table.php (deflated 26%)
  adding: database/migrations/2024_07_05_095831_add_trigger_count_to_tickets_table.php (deflated 26%)
  adding: database/migrations/2018_10_18_005529_add_comment_to_approver_statuses_table.php (deflated 26%)
  adding: database/migrations/2016_02_16_140450_create_settings_ticket_table.php (deflated 25%)
  adding: database/migrations/2021_01_12_061154_add_hours_js_format_and_is_active_columns_in_time_format_table.php (deflated 26%)
  adding: database/migrations/2022_10_19_050034_create_organisation_assign_labels_table.php (deflated 26%)
  adding: database/migrations/2018_01_11_074226_rename_kb_pages_column.php (deflated 26%)
  adding: database/migrations/2021_09_28_172815_alter_kb_category_table_add_is_default_column.php (deflated 26%)
  adding: database/migrations/2016_02_16_140450_create_plugins_table.php (deflated 26%)
  adding: database/migrations/2020_03_30_040512_alter_widgets_table_add_type_column.php (deflated 26%)
  adding: database/migrations/2021_08_03_103550_create_team_department_table.php (deflated 26%)
  adding: database/migrations/2021_09_13_100057_create_ratings_morph_table.php (deflated 25%)
  adding: database/migrations/2023_11_09_115451_alter_ticket_thread_table_to_change_collation.php (deflated 26%)
  adding: database/migrations/2020_12_31_080242_add_is_enabled_breadcrumb_to_system_portal.php (deflated 26%)
  adding: database/migrations/2016_07_26_095020_create_queue_services_table.php (deflated 26%)
  adding: database/migrations/2020_12_16_053612_alter_organization_table_to_add_logo_driver_column.php (deflated 26%)
  adding: database/migrations/2023_01_27_030405_add_event_column_to_activity_log_table.php (deflated 26%)
  adding: database/migrations/2023_12_15_105037_create_ticket_archive_database_setting_table.php (deflated 26%)
  adding: database/migrations/2021_04_27_075417_add_notify_unrecognized_login_to_users.php (deflated 26%)
  adding: database/migrations/2018_01_02_172636_create_helptopic_assign_type_table.php (deflated 26%)
  adding: database/migrations/2016_06_02_081020_create_rating_ref_table.php (deflated 26%)
  adding: database/migrations/2018_11_21_115351_add_rating_icon_in_ratings_table.php (deflated 26%)
  adding: database/migrations/2021_09_27_115338_alter_attachments_table_to_add_morph_relations.php (deflated 26%)
  adding: database/migrations/2017_12_09_111807_alter_listener_actions.php (deflated 26%)
  adding: database/migrations/2016_02_16_140450_create_ticket_collaborator_table.php (deflated 26%)
  adding: database/migrations/2017_05_05_082718_update_custom_form.php (deflated 25%)
  adding: database/migrations/2024_01_22_062844_add_phone_country_code_and_phone_iso_columns_in_settings_company_table.php (deflated 26%)
  adding: database/migrations/2019_03_13_090117_add_plugin_name_column_in_template_types.php (deflated 26%)
  adding: database/migrations/2018_12_06_073045_alter_id_column_in_workflow_close_table.php (deflated 26%)
  adding: database/migrations/2024_06_30_183742_add_column_is_migrated_to_organization_table.php (deflated 26%)
  adding: database/migrations/2024_02_20_071731_alter_settings_security_table_to_add_reset_attempts_column.php (deflated 26%)
  adding: database/migrations/2024_08_06_095221_alter_reports_table_to_add_display_order_column.php (deflated 26%)
  adding: database/migrations/2020_04_24_235942_add_indexes_to_tickets_table.php (deflated 25%)
  adding: database/migrations/2022_09_01_101741_add_columns_is_oauth_to_emails.php (deflated 26%)
  adding: database/migrations/2024_07_01_120311_create_webhook_logs_table.php (deflated 25%)
  adding: database/migrations/2016_07_19_071910_create_field_values_table.php (deflated 25%)
  adding: database/migrations/2016_02_16_140454_add_foreign_keys_to_tickets_table.php (deflated 25%)
  adding: database/migrations/2022_07_01_074128_add_category_type_to_ticket_slas_table.php (deflated 26%)
  adding: database/migrations/2018_09_20_071459_create_approval_workflows_table.php (deflated 25%)
  adding: database/migrations/2019_09_16_121824_alter_ticket_action_emails_table_change_body_column_type.php (deflated 26%)
  adding: database/migrations/2020_11_20_122736_create_settings_filesystem_table.php (deflated 26%)
  adding: database/migrations/2018_10_05_064321_create_ticket_action_emails_table.php (deflated 26%)
  adding: database/migrations/2021_03_05_085630_alter_approval_workflows_table_to_add_is_active_column.php (deflated 26%)
  adding: database/migrations/2023_09_27_075005_alter_column_to_users_table.php (deflated 26%)
  adding: database/migrations/2018_04_17_083239_add_visible_to_to_kb_article.php (deflated 26%)
  adding: database/migrations/2024_09_11_053825_add_mobile_ext_to_users_table.php (deflated 26%)
  adding: database/migrations/2017_11_23_105805_add_logo_to_organization.php (deflated 26%)
  adding: database/migrations/2022_06_18_202535_create_export-columns_table.php (deflated 25%)
  adding: database/migrations/2019_02_15_054920_alter_organization_table_phone_and_address_nullable.php (deflated 26%)
  adding: database/migrations/2016_07_26_090201_create_faveo_queues_table.php (deflated 26%)
  adding: database/migrations/2017_02_02_073016_update_ticket_thread.php (deflated 26%)
  adding: database/migrations/2017_09_07_110924_add_nodes_to_helptopic_table.php (deflated 26%)
  adding: database/migrations/2016_06_02_090225_create_settings_security_table.php (deflated 26%)
  adding: database/migrations/2016_06_02_080005_create_ratings_table.php (deflated 25%)
  adding: database/migrations/2024_04_18_021951_add_index_to_parent_id_column.php (deflated 26%)
  adding: database/migrations/2019_03_25_084647_alter_user_types_table_add_column_key.php (deflated 26%)
  adding: database/migrations/2023_03_16_112242_create_column_module_and_row_id_in_inapp_notify_table.php (deflated 26%)
  adding: database/migrations/2016_02_16_140450_create_canned_response_table.php (deflated 26%)
  adding: database/migrations/2021_07_21_104140_alter_template_types_table_add_template_category_column.php (deflated 26%)
  adding: database/migrations/2017_02_22_075706_update_users_table_22_1_2017.php (deflated 26%)
  adding: database/migrations/2018_01_15_121833_create_in_app_push_notifications_table.php (deflated 26%)
  adding: database/migrations/2017_09_30_100735_add_status_to_kb_settings.php (deflated 26%)
  adding: database/migrations/2021_08_03_130124_add_column_under_deletion_in_teams_table.php (deflated 26%)
  adding: database/migrations/2016_02_16_140454_add_foreign_keys_to_emails_table.php (deflated 25%)
  adding: database/migrations/2016_02_16_140450_create_kb_settings_table.php (deflated 26%)
  adding: database/migrations/2016_02_16_140450_create_team_assign_agent_table.php (deflated 26%)
  adding: database/migrations/2016_02_16_140450_create_kb_pages_table.php (deflated 26%)
  adding: database/migrations/2020_12_31_062655_add_is_comment_enabled_to_kb_settings.php (deflated 26%)
  adding: database/migrations/2016_07_26_084458_create_faveo_mails_table.php (deflated 26%)
  adding: database/migrations/2017_02_09_093019_create_system_portal_table.php (deflated 26%)
  adding: database/migrations/2017_04_03_063230_update_business_hours.php (deflated 26%)
  adding: database/migrations/2019_07_20_080933_update_username_in_users_table.php (deflated 25%)
  adding: database/migrations/2016_08_16_104539_alter_ticket_source_table.php (deflated 25%)
  adding: database/migrations/2017_02_07_104802_update_notification_table.php (deflated 25%)
  adding: database/migrations/2022_05_27_121355_add_category_type_column_to_ticket_workflow_table.php (deflated 26%)
  adding: database/migrations/2023_01_27_030406_add_batch_uuid_column_to_activity_log_table.php (deflated 26%)
  adding: database/migrations/2020_02_03_074020_alter_ticket_activity_logs_table.php (deflated 25%)
  adding: database/migrations/2021_03_17_070324_alter_ticket_activity_logs_table_add_index_on_ticket_id_column.php (deflated 26%)
  adding: database/migrations/2024_09_25_093436_alter_domain_column_in_organizations_table.php (deflated 26%)
  adding: database/migrations/2021_11_10_060020_alter_emails_table_add_inline_as_cids_column.php (deflated 26%)
  adding: database/migrations/2017_08_01_101844_create_extra_orgs_table.php (deflated 26%)
  adding: database/migrations/2024_09_23_074801_alter_reference_id_column_in_email_threads_table.php (deflated 26%)
  adding: database/migrations/2016_08_12_104410_create_user_additional_infos_table.php (deflated 26%)
  adding: database/migrations/2024_04_28_173838_alter_report_columns_table_to_add_user_id_column.php (deflated 27%)
  adding: database/migrations/2016_10_10_104534_create_labels_table.php (deflated 26%)
  adding: database/migrations/2019_07_29_094015_add_type_column_in_approval_workflows_table.php (deflated 26%)
  adding: database/migrations/2023_06_07_000001_create_pulse_tables.php (deflated 25%)
  adding: database/migrations/2018_09_25_045654_add_internal_notes_to_ticket_workflows_table.php (deflated 26%)
  adding: database/migrations/2016_02_16_140454_add_foreign_keys_to_group_assign_department_table.php (deflated 25%)
  adding: database/migrations/2018_08_28_054806_create_ticket_listeners_table.php (deflated 26%)
  adding: database/migrations/2023_10_13_082545_add_index_to_ticket_activity_logs_table.php (deflated 26%)
  adding: database/migrations/2021_12_20_101256_add_role_column_in_user_permissions_table.php (deflated 26%)
  adding: database/migrations/2016_02_16_140454_add_foreign_keys_to_teams_table.php (deflated 26%)
  adding: database/migrations/2020_12_16_062738_alter_settings_company_table_to_add_logo_driver_column.php (deflated 26%)
  adding: database/migrations/2020_04_20_113721_add_available_for_fetch_and_last_fetched_at_columns_to_emails_table.php (deflated 26%)
  adding: database/migrations/2016_02_16_140454_add_foreign_keys_to_department_table.php (deflated 26%)
  adding: database/migrations/2022_11_21_062132_create_ticket_pdf_templates_table.php (deflated 26%)
  adding: database/migrations/2024_02_27_083316_create_oauth_faveo_attributes_table.php (deflated 26%)
  adding: database/migrations/2024_06_26_124704_create_plugin_license_statuses_table.php (deflated 26%)
  adding: database/migrations/2017_09_26_052319_add_linked_departments_in_help_topic.php (deflated 26%)
  adding: database/migrations/2017_09_13_114806_create_recurs_table.php (deflated 26%)
  adding: database/migrations/2018_08_17_095204_alter_status_data_type_common_settings.php (deflated 26%)
  adding: database/migrations/2016_03_31_061239_create_notifications_table.php (deflated 26%)
  adding: database/migrations/2016_10_10_113555_create_sla_targets_table.php (deflated 26%)
  adding: database/migrations/2017_09_21_063508_alter_social_media_table.php (deflated 26%)
  adding: database/migrations/2017_09_14_092331_create_kb_article_template_table.php (deflated 26%)
  adding: database/migrations/2020_01_17_081400_alter_tickets_table_to_make_sla_related_columns_nullable.php (deflated 26%)
  adding: database/migrations/2021_04_20_000000_create_authentication_log_table.php (deflated 25%)
  adding: database/migrations/2016_02_16_140450_create_kb_article_relationship_table.php (deflated 25%)
  adding: database/migrations/2017_02_23_044150_report_updates.php (deflated 25%)
  adding: database/migrations/2023_04_03_082334_add_columns_to_reports_table.php (deflated 26%)
  adding: database/migrations/2024_05_21_033230_alter_report_columns_table_to_add_indexing.php (deflated 26%)
  adding: database/migrations/2017_08_08_072909_create_agent_type_relations_table.php (deflated 26%)
  adding: database/migrations/2021_09_15_045705_create_rating_additional_question_ticket_table.php (deflated 25%)
  adding: database/migrations/2023_08_03_052557_add_columns_to_attachments_table.php (deflated 26%)
  adding: database/migrations/2024_01_13_160605_add_updated_by_to_canned_response_table.php (deflated 25%)
  adding: database/migrations/2024_05_21_050319_create_plugin_updates_table.php (deflated 26%)
  adding: database/migrations/2016_06_01_000005_create_oauth_personal_access_clients_table.php (deflated 26%)
  adding: database/migrations/2018_08_28_054744_create_ticket_actions_table.php (deflated 26%)
  adding: database/migrations/2021_12_15_080738_add_autoreminder_columns_to_approval_workflow_table.php (deflated 25%)
  adding: database/migrations/2016_02_16_140454_add_foreign_keys_to_team_assign_agent_table.php (deflated 25%)
  adding: database/migrations/2020_12_14_075005_alter_file_manager_acl_rules_to_add_visibility_column.php (deflated 26%)
  adding: database/migrations/2024_03_13_045421_add_columns_to_authentication_log_table.php (deflated 26%)
  adding: database/migrations/2016_09_07_130925_business_schedule_open_custom_time_table.php (deflated 25%)
  adding: database/migrations/2017_08_14_054817_add_paid_to_kb_category.php (deflated 26%)
  adding: database/migrations/2020_10_19_065650_alter_settings_ticket_table_to_add_show_user_location_column.php (deflated 26%)
  adding: database/migrations/2024_07_12_050531_create_license_options_table.php (deflated 25%)
  adding: database/migrations/2020_02_24_033238_add_display_on_dashboard_column_to_ticket_filters_table.php (deflated 26%)
  adding: database/migrations/2021_03_17_043345_alter_filter_table.php (deflated 25%)
  adding: database/migrations/2016_02_16_140450_create_log_notification_table.php (deflated 26%)
  adding: database/migrations/2016_02_16_140450_create_settings_company_table.php (deflated 26%)
  adding: database/migrations/2018_11_27_122807_add_version_to_plugins_table.php (deflated 26%)
  adding: database/migrations/2022_07_20_074836_add_is_updated_to_settings_system_table.php (deflated 26%)
  adding: database/migrations/2017_03_07_121632_updated_halts.php (deflated 26%)
  adding: database/migrations/2019_04_01_133305_add_ticket_status_id_in_approval_workflow_tickets_table.php (deflated 25%)
  adding: database/migrations/2024_03_15_050938_add_column_to_settings_ticket_table.php (deflated 26%)
  adding: database/migrations/2016_02_16_140450_create_ticket_priority_table.php (deflated 26%)
  adding: database/migrations/2017_11_11_081739_create_listener_events_table.php (deflated 26%)
  adding: database/migrations/2020_11_10_104042_alter_common_settings_table.php (deflated 26%)
  adding: database/migrations/2023_10_26_095639_alter_tickets_table_to_add_category_id_column.php (deflated 26%)
  adding: database/migrations/2022_06_28_043926_create_inapp_notify_table.php (deflated 25%)
  adding: database/migrations/2024_06_01_075346_alter_fetched_mail_table_to_change_content_column_type_as_longblob.php (deflated 26%)
  adding: database/migrations/2019_12_13_092111_add_google2fa_column_to_users.php (deflated 26%)
  adding: database/migrations/2017_11_11_081711_create_listeners_table.php (deflated 26%)
  adding: database/migrations/2023_11_27_124934_create_websocket_configurations_table.php (deflated 26%)
  adding: database/migrations/2021_09_13_081924_alter_ratings_table_to_add_extra_columns.php (deflated 25%)
  adding: database/migrations/2024_04_16_171055_alter_settings_filesystem_table_to_add_wkhtmltopdf_path_column.php (deflated 26%)
  adding: database/migrations/2016_02_16_140450_create_groups_table.php (deflated 25%)
  adding: database/migrations/2016_02_16_140450_create_settings_email_table.php (deflated 25%)
  adding: database/migrations/2024_06_30_042710_create_webhooks_table.php (deflated 26%)
  adding: database/migrations/2025_02_19_193058_add_index_to_filters_table.php (deflated 26%)
  adding: database/migrations/2023_05_23_095426_create_global_search_preferences_table.php (deflated 26%)
  adding: database/migrations/2023_07_21_074330_add_autoreminder_columns_to_approval_workflow_tickets_table.php (deflated 25%)
  adding: database/migrations/2024_12_09_073129_add_columns_plugin_to_health_checks_table.php (deflated 26%)
  adding: database/migrations/2016_06_02_095357_create_ticket_token_table.php (deflated 26%)
  adding: database/migrations/2021_02_03_113535_create_track_popular_articles.php (deflated 26%)
  adding: database/migrations/2019_04_01_110137_alter_organization_table_internal_notes_column.php (deflated 26%)
  adding: database/migrations/2020_11_10_120418_alter_time_zone_and_time_farmat_column_in_settings_system_table.php (deflated 25%)
  adding: database/migrations/2021_12_22_062150_alter_emails_table_to_add_use_new_imap_package.php (deflated 26%)
  adding: database/migrations/2021_03_23_094419_add_column_under_deletion_in_ticket_type_table.php (deflated 26%)
  adding: database/migrations/2016_04_18_115900_create_workflow_rule_table.php (deflated 25%)
  adding: database/migrations/2016_05_10_102604_create_bar_notifications_table.php (deflated 26%)
  adding: database/migrations/2025_02_19_192905_add_index_to_column_tickets_table.php (deflated 26%)
  adding: database/migrations/2020_10_15_104236_create_user_permission_table.php (deflated 26%)
  adding: database/migrations/2017_07_20_115612_create_requireds_table.php (deflated 26%)
  adding: database/migrations/2017_12_05_055135_create_team_assign_department_table.php (deflated 26%)
  adding: database/migrations/2016_02_16_140450_create_kb_article_table.php (deflated 26%)
  adding: database/migrations/2018_12_06_084441_add_autoclose_column_in_ticket_status_table.php (deflated 26%)
  adding: database/migrations/2016_02_16_140450_create_ticket_thread_table.php (deflated 25%)
  adding: database/migrations/2016_02_16_140454_add_foreign_keys_to_help_topic_table.php (deflated 26%)
  adding: database/migrations/2020_12_16_063009_alter_system_portal_table_to_add_logo_icon_driver_column.php (deflated 26%)
  adding: database/migrations/2016_06_01_000001_create_oauth_auth_codes_table.php (deflated 25%)
  adding: database/migrations/2016_02_16_140450_create_settings_system_table.php (deflated 25%)
  adding: database/migrations/2024_06_12_055712_add_column_display_on_navigation_bar_and_is_deletable_to_ticket_filters_table.php (deflated 26%)
  adding: database/migrations/2016_10_10_124120_create_filters_table.php (deflated 26%)
  adding: database/migrations/2021_12_28_105926_alter_rating_feedback_requests_table_to_add_answered_column.php (deflated 26%)
  adding: database/migrations/2020_12_31_064845_add_is_comment_enabled_and_counter_to_kb_article.php (deflated 26%)
  adding: database/migrations/2022_03_03_110140_create_user_backup_codes_table.php (deflated 26%)
  adding: database/migrations/2016_02_16_140450_create_password_resets_table.php (deflated 26%)
  adding: database/migrations/2016_04_18_115852_create_workflow_name_table.php (deflated 26%)
  adding: database/migrations/2023_11_28_055548_create_import_progress_details_table.php (deflated 25%)
  adding: database/migrations/2017_12_14_093039_add_custom_rule.php (deflated 26%)
  adding: database/migrations/2019_09_13_122615_rename_client_input_fild_color_in_system_portal_table.php (deflated 26%)
  adding: database/migrations/2016_11_07_123810_create_halts_table.php (deflated 26%)
  adding: database/migrations/2020_02_21_090110_add_content_id_column_to_ticket_attachment_table.php (deflated 26%)
  adding: database/migrations/2017_12_06_055652_add_order_to_sla_plan.php (deflated 26%)
  adding: database/migrations/2018_07_27_070308_create_activity_logs_table.php (deflated 25%)
  adding: database/migrations/2017_05_25_062940_update_ticket_status.php (deflated 25%)
  adding: database/migrations/2017_09_19_083527_add_sco_to_kb_pages.php (deflated 26%)
  adding: database/migrations/2022_09_05_091642_create_email_oauth_table.php (deflated 26%)
  adding: database/migrations/2020_08_26_123603_alter_ticket_workflows_table_to_make_internal_note_column_text_from_varchar.php (deflated 26%)
  adding: database/migrations/2022_01_21_110359_create_comments_table.php (deflated 25%)
  adding: database/migrations/2020_08_25_053351_alter_ticket_priority_table_status_and_is_default_column_type_to_boolean.php (deflated 25%)
  adding: database/migrations/2023_02_22_095644_alter_users_table_to_add_logout_time_coloumn_for_users.php (deflated 26%)
  adding: database/migrations/2020_10_15_103645_create_user_permissions_table.php (deflated 26%)
  adding: database/migrations/2017_09_14_064205_add_apply_sla_labels_to_sla_plan.php (deflated 26%)
  adding: database/migrations/2018_10_10_121039_create_ticket_action_email_user_table.php (deflated 26%)
  adding: database/migrations/2020_11_24_074858_alter_settings_filesystem_table_to_add_public_folder_and_copy_settings.php (deflated 25%)
  adding: database/migrations/2016_02_16_140454_add_foreign_keys_to_canned_response_table.php (deflated 25%)
  adding: database/migrations/2016_06_01_000003_create_oauth_refresh_tokens_table.php (deflated 26%)
  adding: database/migrations/2018_09_03_115529_create_ticket_filter_shareables_table.php (deflated 26%)
  adding: database/migrations/2017_03_10_044621_update_settings_system.php (deflated 25%)
  adding: database/migrations/2024_08_08_101138_create_sd_asset_component_associations_table.php (deflated 26%)
  adding: database/migrations/2017_09_13_114826_create_recure_contents_table.php (deflated 26%)
  adding: database/migrations/2016_02_16_140450_create_department_table.php (deflated 25%)
  adding: database/migrations/2016_07_29_113012_create_conditions_table.php (deflated 26%)
  adding: database/migrations/2019_02_15_122816_add_location_id_tickets.php (deflated 26%)
  adding: database/migrations/2018_10_09_021533_create_approval_level_statuses_table.php (deflated 25%)
  adding: database/migrations/2016_02_16_140454_add_foreign_keys_to_ticket_attachment_table.php (deflated 25%)
  adding: database/migrations/2022_06_28_065342_delete_in_app_push_notifications_table.php (deflated 26%)
  adding: database/migrations/2025_01_16_070451_add_columns_to_labels_table.php (deflated 26%)
  adding: database/migrations/2023_08_07_111014_alter_type_to_organization_table.php (deflated 26%)
  adding: database/migrations/2018_09_11_114447_add_base_rule_to_ticket_rule.php (deflated 26%)
  adding: database/migrations/2020_01_06_065804_create_ticket_sla_metas_table.php (deflated 26%)
  adding: database/migrations/2016_02_16_140450_create_ticket_source_table.php (deflated 26%)
  adding: database/migrations/2023_01_17_091537_create_health_system_alerts_table.php (deflated 26%)
  adding: database/migrations/2019_07_04_084652_alter_kb_article_to_full_text_mode.php (deflated 25%)
  adding: database/migrations/2016_02_16_140454_add_foreign_keys_to_ticket_form_data_table.php (deflated 26%)
  adding: database/migrations/2017_07_24_102940_update_email_threads.php (deflated 26%)
  adding: database/migrations/2023_08_18_051653_create_cache_table.php (deflated 26%)
  adding: database/migrations/2018_06_04_071810_alter_emails_table.php (deflated 26%)
  adding: database/migrations/2019_02_18_122817_alter_user_table_location.php (deflated 25%)
  adding: database/migrations/2018_04_28_130615_alter_custom_rule_column_make_nullable_in_listener_rules.php (deflated 26%)
  adding: database/migrations/2022_06_15_100935_create_ticket_templates_table.php (deflated 26%)
  adding: database/migrations/2023_12_05_082509_create_search_drivers_table.php (deflated 26%)
  adding: database/migrations/2017_08_18_065645_add_domain_to_organization.php (deflated 26%)
  adding: database/migrations/2020_12_16_043951_alter_users_table_to_add_profile_pic_driver_column.php (deflated 26%)
  adding: database/migrations/2019_12_19_073431_alter_tickets_table_resolution_time_column.php (deflated 26%)
  adding: database/migrations/2021_02_18_131043_add_column_to_tags_table.php (deflated 26%)
  adding: database/migrations/2016_06_02_074913_create_login_attempts_table.php (deflated 26%)
  adding: database/migrations/2016_02_16_140454_add_foreign_keys_to_settings_system_table.php (deflated 25%)
  adding: database/migrations/2021_07_19_141750_create_breaklines_table.php (deflated 26%)
  adding: database/migrations/2016_03_31_061740_create_user_notification_table.php (deflated 26%)
  adding: database/migrations/2016_02_16_140450_create_group_assign_department_table.php (deflated 26%)
  adding: database/migrations/2016_02_16_140450_create_tickets_table.php (deflated 25%)
  adding: database/migrations/2016_02_16_140454_add_foreign_keys_to_ticket_collaborator_table.php (deflated 25%)
  adding: database/migrations/2024_07_02_152114_add_display_order_column_to_ticket_filters_table.php (deflated 26%)
  adding: database/migrations/2024_07_11_081753_create_license_plugin_table.php (deflated 25%)
  adding: database/migrations/2019_03_19_091103_alter_emails_table_password_column.php (deflated 26%)
  adding: database/migrations/2025_02_26_072822_create_workspace_parameters_table.php (deflated 25%)
  adding: database/migrations/2024_02_14_051343_create_graphical_reports_table.php (deflated 25%)
  adding: database/migrations/2021_03_09_104134_add_role_column_in_department_assign_agents_table.php (deflated 26%)
  adding: database/migrations/2016_02_16_140450_create_ticket_status_table.php (deflated 25%)
  adding: database/migrations/2020_12_11_062203_alter_settings_filesystem_table_to_add_files_moved_from_old_private_disk.php (deflated 26%)
  adding: database/migrations/2018_12_12_061507_add_waiting_time_to_settings_ticket.php (deflated 26%)
  adding: database/migrations/2016_02_16_140450_create_emails_table.php (deflated 25%)
  adding: database/migrations/2024_03_01_092327_add_column_form_category_id_to_tickets_table.php (deflated 26%)
  adding: database/migrations/2019_08_06_050305_add_version_column_to_emails_table.php (deflated 26%)
  adding: database/migrations/2019_09_16_100817_alter_users_table_country_code.php (deflated 26%)
  adding: database/migrations/2021_03_09_070951_create_state_table.php (deflated 25%)
  adding: database/migrations/2024_06_18_060918_create_migrate_custom_fields_table.php (deflated 25%)
  adding: database/migrations/2016_06_01_000002_create_oauth_access_tokens_table.php (deflated 25%)
  adding: database/migrations/2016_02_16_140450_create_kb_category_table.php (deflated 26%)
  adding: database/migrations/2019_10_22_072621_create_user_notification_tokens_table.php (deflated 25%)
  adding: database/migrations/2017_08_28_065405_add_department_to_user_assign_organization.php (deflated 26%)
  adding: database/migrations/2016_02_16_140454_add_foreign_keys_to_ticket_thread_table.php (deflated 25%)
  adding: database/migrations/2021_09_13_082149_create_rating_additional_questions_table.php (deflated 26%)
  adding: database/migrations/2022_05_06_151305_add_indexing_to_ticket_thread.php (deflated 26%)
  adding: database/migrations/2016_02_16_140450_create_date_format_table.php (deflated 26%)
  adding: database/migrations/2017_03_24_095825_update_job.php (deflated 25%)
  adding: database/migrations/2018_09_03_054808_create_ticket_filters_table.php (deflated 25%)
  adding: database/migrations/2017_03_07_073611_alter_tickets_table.php (deflated 26%)
  adding: database/migrations/2020_09_30_073618_create_user_import_maps_table.php (deflated 26%)
  adding: database/migrations/2024_12_23_113603_create_workspace_integration_items_table.php (deflated 26%)
  adding: database/migrations/2017_11_11_081806_create_listener_actions_table.php (deflated 26%)
  adding: database/migrations/2016_02_16_140450_create_help_topic_table.php (deflated 25%)
  adding: database/migrations/2016_02_16_140454_add_foreign_keys_to_users_table.php (deflated 25%)
  adding: database/migrations/2020_05_20_123349_add_date_time_format_columns_to_settings_system_table.php (deflated 25%)
  adding: database/migrations/2020_03_12_112529_add_parent_id_in_tickets_table.php (deflated 26%)
  adding: database/migrations/2017_08_14_073909_add_location_to_users.php (deflated 26%)
  adding: database/migrations/2021_02_23_115146_add_coloumn_to_kb_articles_table.php (deflated 25%)
  adding: database/migrations/2017_02_25_072334_DepartmentCannedResponse.php (deflated 25%)
  adding: database/migrations/2024_09_11_063243_add_ext_to_organization_table.php (deflated 26%)
  adding: database/migrations/2023_12_05_082913_add_provider_column_to_oauth_clients_table.php (deflated 26%)
  adding: database/migrations/2016_09_07_130846_business_schedule_table.php (deflated 25%)
  adding: database/migrations/2016_02_16_140454_add_foreign_keys_to_organization_table.php (deflated 26%)
  adding: database/migrations/2019_04_11_114608_add_type_user_id_name_and_execution_time_columns_in_recurs_table.php (deflated 25%)
  adding: database/migrations/2016_06_02_072210_create_common_settings_table.php (deflated 26%)
  adding: database/migrations/2018_11_26_062543_create_linked_attachments_table.php (deflated 25%)
  adding: database/migrations/2017_04_30_151807_create_update_organization.php (deflated 26%)
  adding: database/migrations/2018_11_27_110014_alter_user_table_phone_number.php (deflated 26%)
  adding: database/migrations/2023_01_09_103819_create_healths_table.php (deflated 26%)
  adding: database/migrations/2016_08_08_095744_create_social_media_table.php (deflated 26%)
  adding: database/migrations/2024_10_23_084236_add_ticket_view_column_to_users.php (deflated 26%)
  adding: database/migrations/2016_10_12_072502_create_tags_table.php (deflated 26%)
  adding: database/migrations/2020_07_16_053351_create_imports_table.php (deflated 26%)
  adding: database/migrations/2020_08_03_071544_create_third_party_apps_table.php (deflated 25%)
  adding: database/migrations/2016_02_16_140450_create_teams_table.php (deflated 25%)
  adding: database/migrations/2019_09_13_124545_update_system_portal_table.php (deflated 25%)
  adding: database/migrations/2016_02_16_140450_create_custom_form_fields_table.php (deflated 26%)
  adding: database/migrations/2018_10_09_021450_create_approval_workflow_tickets_table.php (deflated 25%)
  adding: database/migrations/2023_07_25_051917_alter_column_type_to_ticket_threads_table.php (deflated 26%)
  adding: database/migrations/2016_02_16_140450_create_custom_forms_table.php (deflated 26%)
  adding: database/migrations/2021_12_17_052558_alter_ratings_table_to_add_parent_id_column.php (deflated 26%)
  adding: database/migrations/2024_05_27_061152_add_soft_deletes_column_to_custom_form_value_table.php (deflated 26%)
  adding: database/migrations/2023_07_24_055821_add_column_to_third_party_apps_table.php (deflated 25%)
  adding: database/migrations/2021_08_04_123425_add_is_2fa_enforced_to_settings_security.php (deflated 26%)
  adding: database/migrations/2021_10_07_105818_add_organization_column_to_kb_article_table.php (deflated 26%)
  adding: database/migrations/2016_02_16_140450_create_sla_plan_table.php (deflated 26%)
  adding: database/migrations/2023_08_12_074357_create_system_activity_log_export_table.php (deflated 26%)
  adding: database/migrations/2018_04_28_130820_alter_custom_rule_column_make_nullable_in_listener_action.php (deflated 26%)
  adding: database/migrations/2018_01_11_072745_rename_kb_article_column.php (deflated 26%)
  adding: database/migrations/2024_01_22_062849_add_phone_country_code_and_phone_iso_columns_in_location_table.php (deflated 26%)
  adding: database/migrations/2020_07_01_065026_rename_mobile_otp_verify_column.php (deflated 26%)
  adding: database/migrations/2018_04_06_074050_create_ticket_status_override_table.php (deflated 26%)
  adding: database/factories/ (stored 0%)
  adding: database/factories/Model/ (stored 0%)
  adding: database/factories/Model/helpdesk/ (stored 0%)
  adding: database/factories/Model/helpdesk/Manage/ (stored 0%)
  adding: database/factories/Model/helpdesk/Manage/Help_topicFactory.php (deflated 26%)
  adding: database/factories/Model/helpdesk/Manage/TickettypeFactory.php (deflated 26%)
  adding: database/factories/Model/helpdesk/Manage/Sla/ (stored 0%)
  adding: database/factories/Model/helpdesk/Manage/Sla/SlaCustomEnforcementsFactory.php (deflated 26%)
  adding: database/factories/Model/helpdesk/Manage/UserTypeFactory.php (deflated 26%)
  adding: database/factories/Model/helpdesk/Agent_panel/ (stored 0%)
  adding: database/factories/Model/helpdesk/Agent_panel/User_orgFactory.php (deflated 26%)
  adding: database/factories/Model/helpdesk/Agent_panel/CannedFactory.php (deflated 26%)
  adding: database/factories/Model/helpdesk/Agent_panel/OrganizationFactory.php (deflated 26%)
  adding: database/factories/Model/helpdesk/TicketRecur/ (stored 0%)
  adding: database/factories/Model/helpdesk/TicketRecur/RecurFactory.php (deflated 26%)
  adding: database/factories/Model/helpdesk/Agent/ (stored 0%)
  adding: database/factories/Model/helpdesk/Agent/TeamsFactory.php (deflated 27%)
  adding: database/factories/Model/helpdesk/Agent/DepartmentFactory.php (deflated 26%)
  adding: database/factories/Model/helpdesk/Ticket/ (stored 0%)
  adding: database/factories/Model/helpdesk/Ticket/Ticket_PriorityFactory.php (deflated 26%)
  adding: database/factories/Model/helpdesk/Ticket/Ticket_ThreadFactory.php (deflated 26%)
  adding: database/factories/Model/helpdesk/Ticket/TicketsFactory.php (deflated 26%)
  adding: database/factories/Model/helpdesk/Ticket/TicketFilterFactory.php (deflated 26%)
  adding: database/factories/Model/helpdesk/Ticket/Ticket_StatusFactory.php (deflated 26%)
  adding: database/factories/Model/helpdesk/Ticket/Ticket_sourceFactory.php (deflated 26%)
  adding: database/factories/Model/helpdesk/Ticket/Ticket_CollaboratorFactory.php (deflated 26%)
  adding: database/factories/Model/helpdesk/Ticket/Ticket_Form_DataFactory.php (deflated 26%)
  adding: database/factories/Model/helpdesk/WorkspaceParametersFactory.php (deflated 26%)
  adding: database/factories/Model/helpdesk/RouteFactory.php (deflated 26%)
  adding: database/factories/Model/helpdesk/Settings/ (stored 0%)
  adding: database/factories/Model/helpdesk/Settings/CommonSettingsFactory.php (deflated 26%)
  adding: database/factories/Model/helpdesk/Settings/PluginFactory.php (deflated 26%)
  adding: database/factories/Model/helpdesk/Settings/BreakLineFactory.php (deflated 26%)
  adding: database/factories/Model/helpdesk/Workflow/ (stored 0%)
  adding: database/factories/Model/helpdesk/Workflow/ApprovalWorkflowFactory.php (deflated 26%)
  adding: database/factories/Model/helpdesk/Workflow/WorkflowActionFactory.php (deflated 26%)
  adding: database/factories/Model/helpdesk/Workflow/WorkflowNameFactory.php (deflated 26%)
  adding: database/factories/Model/helpdesk/Workflow/WorkflowRulesFactory.php (deflated 26%)
  adding: database/factories/Model/helpdesk/Ratings/ (stored 0%)
  adding: database/factories/Model/helpdesk/Ratings/RatingFactory.php (deflated 26%)
  adding: database/factories/Model/helpdesk/WorkspaceIntegrationFactory.php (deflated 25%)
  adding: database/factories/Model/helpdesk/Filters/ (stored 0%)
  adding: database/factories/Model/helpdesk/Filters/LabelFactory.php (deflated 26%)
  adding: database/factories/Model/helpdesk/Filters/TagFactory.php (deflated 26%)
  adding: database/factories/Model/helpdesk/Filters/FilterFactory.php (deflated 27%)
  adding: database/factories/Model/Listener/ (stored 0%)
  adding: database/factories/Model/Listener/ListenerActionFactory.php (deflated 26%)
  adding: database/factories/Model/Listener/ListenerRuleFactory.php (deflated 26%)
  adding: database/factories/Model/Listener/ListenerFactory.php (deflated 26%)
  adding: database/factories/Model/Listener/ListenerEventFactory.php (deflated 26%)
  adding: database/factories/Model/MailJob/ (stored 0%)
  adding: database/factories/Model/MailJob/ConditionFactory.php (deflated 26%)
  adding: database/factories/Model/kb/ (stored 0%)
  adding: database/factories/Model/kb/ArticleFactory.php (deflated 26%)
  adding: database/factories/Model/kb/CategoryFactory.php (deflated 26%)
  adding: database/factories/Model/kb/RelationshipFactory.php (deflated 27%)
  adding: database/factories/Notify/ (stored 0%)
  adding: database/factories/Notify/Models/ (stored 0%)
  adding: database/factories/Notify/Models/NotifyTemplateFactory.php (deflated 26%)
  adding: database/factories/Notify/Models/NotifyTemplateSetFactory.php (deflated 26%)
  adding: database/factories/Notify/Models/NotifyChannelFactory.php (deflated 26%)
  adding: database/factories/FaveoToken/ (stored 0%)
  adding: database/factories/FaveoToken/FaveoTokenFactory.php (deflated 26%)
  adding: database/factories/FaveoReport/ (stored 0%)
  adding: database/factories/FaveoReport/Models/ (stored 0%)
  adding: database/factories/FaveoReport/Models/ReportDownloadFactory.php (deflated 26%)
  adding: database/factories/TimeTrack/ (stored 0%)
  adding: database/factories/TimeTrack/Models/ (stored 0%)
  adding: database/factories/TimeTrack/Models/TimeTrackFactory.php (deflated 26%)
  adding: database/factories/Location/ (stored 0%)
  adding: database/factories/Location/Models/ (stored 0%)
  adding: database/factories/Location/Models/LocationFactory.php (deflated 26%)
  adding: database/factories/UserFactory.php (deflated 26%)
  adding: database/.gitignore (stored 0%)
  adding: .codacy.yml (deflated 37%)
  adding: routes/ (stored 0%)
  adding: routes/installer.php (deflated 24%)
  adding: routes/web.php (deflated 24%)
  adding: routes/breadcrumbs.php (deflated 24%)
  adding: routes/license.php (deflated 26%)
  adding: routes/console.php (deflated 24%)
  adding: routes/api.php (deflated 25%)
  adding: routes/channels.php (deflated 31%)
  adding: faveo_release.log